[2026-05-13 09:20:19] user_id=6737e829-0862-af46-5af1-69f875a61696 user=super method=GET uri=/limocrm/index.php ip=::1
[2026-05-13 09:20:48] user_id=6737e829-0862-af46-5af1-69f875a61696 user=super method=GET uri=/limocrm/email_settings.php ip=::1
[2026-05-13 09:55:26] user_id=6737e829-0862-af46-5af1-69f875a61696 user=super method=GET uri=/limocrm/email_settings.php ip=::1
[2026-05-13 09:56:56] user_id=6737e829-0862-af46-5af1-69f875a61696 user=super method=GET uri=/limocrm/email_settings.php ip=::1
[2026-05-13 10:03:40] user_id=6737e829-0862-af46-5af1-69f875a61696 user=super method=GET uri=/limocrm/email_settings.php ip=::1
[2026-05-13 10:13:13] user_id=6737e829-0862-af46-5af1-69f875a61696 user=super method=GET uri=/limocrm/email_settings.php ip=::1
[2026-05-13 10:19:30] user_id=6737e829-0862-af46-5af1-69f875a61696 user=super method=GET uri=/limocrm/email_settings.php ip=::1
[2026-05-13 10:20:57] user_id=6737e829-0862-af46-5af1-69f875a61696 user=super method=GET uri=/limocrm/email_settings.php ip=::1
[2026-05-13 10:24:37] user_id=6737e829-0862-af46-5af1-69f875a61696 user=super method=GET uri=/limocrm/email_settings.php ip=::1
[2026-05-13 10:25:24] user_id=6737e829-0862-af46-5af1-69f875a61696 user=super method=GET uri=/limocrm/email_settings.php ip=::1
[2026-05-13 10:25:38] user_id=6737e829-0862-af46-5af1-69f875a61696 user=super method=GET uri=/limocrm/email_settings.php ip=::1
[2026-05-13 10:25:58] user_id=6737e829-0862-af46-5af1-69f875a61696 user=super method=GET uri=/limocrm/email_settings.php ip=::1
[2026-05-13 10:26:29] user_id=6737e829-0862-af46-5af1-69f875a61696 user=super method=GET uri=/limocrm/email_settings.php ip=::1
[2026-05-13 10:27:19] user_id=6737e829-0862-af46-5af1-69f875a61696 user=super method=GET uri=/limocrm/email_settings.php ip=::1
[2026-05-13 10:30:24] user_id=6737e829-0862-af46-5af1-69f875a61696 user=super method=GET uri=/limocrm/email_settings.php ip=::1
[2026-05-13 11:05:43] user_id=6737e829-0862-af46-5af1-69f875a61696 user=super method=GET uri=/limocrm/email_settings.php ip=::1
[2026-05-13 11:06:07] user_id=6737e829-0862-af46-5af1-69f875a61696 user=super method=GET uri=/limocrm/email_settings.php ip=::1
[2026-05-13 11:26:49] user_id=6737e829-0862-af46-5af1-69f875a61696 user=super method=GET uri=/limocrm/email_settings.php ip=::1
[2026-05-13 11:27:19] user_id=6737e829-0862-af46-5af1-69f875a61696 user=super method=GET uri=/limocrm/index.php ip=::1
[2026-05-13 11:27:21] user_id=6737e829-0862-af46-5af1-69f875a61696 user=super method=GET uri=/limocrm/leads.php ip=::1
[2026-05-13 11:44:23] user_id=6737e829-0862-af46-5af1-69f875a61696 user=super method=GET uri=/limocrm/settings.php ip=::1
[2026-05-13 11:44:26] user_id=6737e829-0862-af46-5af1-69f875a61696 user=super method=GET uri=/limocrm/integration.php ip=::1
[2026-05-13 11:57:29] user_id=6737e829-0862-af46-5af1-69f875a61696 user=super method=GET uri=/limocrm/leads.php ip=::1
[2026-05-13 11:58:16] user_id=5be1613a-a75c-4711-14c2-6a03314cf38e user=adtransportation method=GET uri=/limocrm/index.php ip=::1
[2026-05-13 11:58:18] user_id=5be1613a-a75c-4711-14c2-6a03314cf38e user=adtransportation method=GET uri=/limocrm/leads.php ip=::1
[2026-05-13 11:58:20] user_id=5be1613a-a75c-4711-14c2-6a03314cf38e user=adtransportation method=GET uri=/limocrm/lead.php?id=98ee9a96-e5c7-9f71-f9a8-6a04494e03a7 ip=::1
[2026-05-13 12:03:07] user_id=5be1613a-a75c-4711-14c2-6a03314cf38e user=adtransportation method=GET uri=/limocrm/lead.php?id=98ee9a96-e5c7-9f71-f9a8-6a04494e03a7 ip=::1
[2026-05-13 12:08:29] user_id=5be1613a-a75c-4711-14c2-6a03314cf38e user=adtransportation method=GET uri=/limocrm/lead.php?id=98ee9a96-e5c7-9f71-f9a8-6a04494e03a7 ip=::1
[2026-05-13 12:08:34] user_id=5be1613a-a75c-4711-14c2-6a03314cf38e user=adtransportation method=GET uri=/limocrm/lead.php?id=98ee9a96-e5c7-9f71-f9a8-6a04494e03a7 ip=::1
[2026-05-13 12:09:01] user_id=5be1613a-a75c-4711-14c2-6a03314cf38e user=adtransportation method=GET uri=/limocrm/lead.php?id=98ee9a96-e5c7-9f71-f9a8-6a04494e03a7 ip=::1
[2026-05-13 12:12:03] user_id=5be1613a-a75c-4711-14c2-6a03314cf38e user=adtransportation method=GET uri=/limocrm/lead.php?id=98ee9a96-e5c7-9f71-f9a8-6a04494e03a7 ip=::1
[2026-05-13 12:13:16] user_id=5be1613a-a75c-4711-14c2-6a03314cf38e user=adtransportation method=GET uri=/limocrm/lead.php?id=98ee9a96-e5c7-9f71-f9a8-6a04494e03a7 ip=::1
[2026-05-13 12:13:43] user_id=5be1613a-a75c-4711-14c2-6a03314cf38e user=adtransportation method=GET uri=/limocrm/lead.php?id=98ee9a96-e5c7-9f71-f9a8-6a04494e03a7 ip=::1
[2026-05-13 12:14:06] user_id=5be1613a-a75c-4711-14c2-6a03314cf38e user=adtransportation method=GET uri=/limocrm/lead.php?id=98ee9a96-e5c7-9f71-f9a8-6a04494e03a7 ip=::1
[2026-05-13 12:22:14] user_id=5be1613a-a75c-4711-14c2-6a03314cf38e user=adtransportation method=GET uri=/limocrm/lead.php?id=98ee9a96-e5c7-9f71-f9a8-6a04494e03a7 ip=::1
[2026-05-13 12:23:33] user_id=5be1613a-a75c-4711-14c2-6a03314cf38e user=adtransportation method=GET uri=/limocrm/lead.php?id=98ee9a96-e5c7-9f71-f9a8-6a04494e03a7 ip=::1
[2026-05-13 12:23:37] user_id=5be1613a-a75c-4711-14c2-6a03314cf38e user=adtransportation method=GET uri=/limocrm/lead.php?id=98ee9a96-e5c7-9f71-f9a8-6a04494e03a7 ip=::1
[2026-05-13 12:28:01] user_id=5be1613a-a75c-4711-14c2-6a03314cf38e user=adtransportation method=GET uri=/limocrm/lead.php?id=98ee9a96-e5c7-9f71-f9a8-6a04494e03a7 ip=::1
[2026-05-13 12:30:41] user_id=5be1613a-a75c-4711-14c2-6a03314cf38e user=adtransportation method=GET uri=/limocrm/lead.php?id=98ee9a96-e5c7-9f71-f9a8-6a04494e03a7 ip=::1
[2026-05-13 12:30:57] user_id=5be1613a-a75c-4711-14c2-6a03314cf38e user=adtransportation method=GET uri=/limocrm/lead.php?id=98ee9a96-e5c7-9f71-f9a8-6a04494e03a7 ip=::1
[2026-05-13 12:32:18] user_id=5be1613a-a75c-4711-14c2-6a03314cf38e user=adtransportation method=GET uri=/limocrm/lead.php?id=98ee9a96-e5c7-9f71-f9a8-6a04494e03a7 ip=::1
[2026-05-13 12:33:10] user_id=5be1613a-a75c-4711-14c2-6a03314cf38e user=adtransportation method=GET uri=/limocrm/lead.php?id=98ee9a96-e5c7-9f71-f9a8-6a04494e03a7 ip=::1
[2026-05-13 12:33:46] user_id=5be1613a-a75c-4711-14c2-6a03314cf38e user=adtransportation method=GET uri=/limocrm/lead.php?id=98ee9a96-e5c7-9f71-f9a8-6a04494e03a7 ip=::1
[2026-05-13 12:34:07] user_id=5be1613a-a75c-4711-14c2-6a03314cf38e user=adtransportation method=GET uri=/limocrm/lead.php?id=98ee9a96-e5c7-9f71-f9a8-6a04494e03a7 ip=::1
[2026-05-13 12:34:37] user_id=5be1613a-a75c-4711-14c2-6a03314cf38e user=adtransportation method=GET uri=/limocrm/lead.php?id=98ee9a96-e5c7-9f71-f9a8-6a04494e03a7 ip=::1
[2026-05-13 12:35:13] user_id=5be1613a-a75c-4711-14c2-6a03314cf38e user=adtransportation method=GET uri=/limocrm/lead.php?id=98ee9a96-e5c7-9f71-f9a8-6a04494e03a7 ip=::1
[2026-05-13 12:36:09] user_id=5be1613a-a75c-4711-14c2-6a03314cf38e user=adtransportation method=GET uri=/limocrm/lead.php?id=98ee9a96-e5c7-9f71-f9a8-6a04494e03a7 ip=::1
[2026-05-13 12:38:08] user_id=5be1613a-a75c-4711-14c2-6a03314cf38e user=adtransportation method=GET uri=/limocrm/lead.php?id=98ee9a96-e5c7-9f71-f9a8-6a04494e03a7 ip=::1
[2026-05-13 12:38:36] user_id=5be1613a-a75c-4711-14c2-6a03314cf38e user=adtransportation method=GET uri=/limocrm/lead.php?id=98ee9a96-e5c7-9f71-f9a8-6a04494e03a7 ip=::1
[2026-05-13 12:39:52] user_id=5be1613a-a75c-4711-14c2-6a03314cf38e user=adtransportation method=GET uri=/limocrm/lead.php?id=98ee9a96-e5c7-9f71-f9a8-6a04494e03a7 ip=::1
[2026-05-13 12:40:12] user_id=5be1613a-a75c-4711-14c2-6a03314cf38e user=adtransportation method=GET uri=/limocrm/leads.php ip=::1
[2026-05-13 12:40:25] user_id=5be1613a-a75c-4711-14c2-6a03314cf38e user=adtransportation method=GET uri=/limocrm/leads.php ip=::1
[2026-05-13 12:46:23] user_id=5be1613a-a75c-4711-14c2-6a03314cf38e user=adtransportation method=GET uri=/limocrm/leads.php ip=::1
[2026-05-13 12:46:32] user_id=5be1613a-a75c-4711-14c2-6a03314cf38e user=adtransportation method=GET uri=/limocrm/index.php ip=::1
[2026-05-13 12:46:51] user_id=5be1613a-a75c-4711-14c2-6a03314cf38e user=adtransportation method=GET uri=/limocrm/email_analytics.php ip=::1
[2026-05-13 12:47:15] user_id=5be1613a-a75c-4711-14c2-6a03314cf38e user=adtransportation method=GET uri=/limocrm/email_templates.php ip=::1
[2026-05-13 12:47:20] user_id=5be1613a-a75c-4711-14c2-6a03314cf38e user=adtransportation method=GET uri=/limocrm/email_template.php?id=7c4b96d7-282f-ff2f-d9ef-6a033770c5a0 ip=::1
[2026-05-13 12:48:09] user_id=5be1613a-a75c-4711-14c2-6a03314cf38e user=adtransportation method=GET uri=/limocrm/email_templates.php ip=::1
[2026-05-13 12:48:20] user_id=5be1613a-a75c-4711-14c2-6a03314cf38e user=adtransportation method=GET uri=/limocrm/leads.php ip=::1
[2026-05-13 12:48:31] user_id=5be1613a-a75c-4711-14c2-6a03314cf38e user=adtransportation method=GET uri=/limocrm/reports.php ip=::1
[2026-05-13 12:48:46] user_id=5be1613a-a75c-4711-14c2-6a03314cf38e user=adtransportation method=GET uri=/limocrm/leads.php ip=::1
[2026-05-13 12:48:57] user_id=5be1613a-a75c-4711-14c2-6a03314cf38e user=adtransportation method=GET uri=/limocrm/users.php ip=::1
[2026-05-13 12:49:06] user_id=5be1613a-a75c-4711-14c2-6a03314cf38e user=adtransportation method=GET uri=/limocrm/role_management.php ip=::1
[2026-05-13 12:49:38] user_id=5be1613a-a75c-4711-14c2-6a03314cf38e user=adtransportation method=GET uri=/limocrm/contacts.php ip=::1
[2026-05-13 12:50:04] user_id=5be1613a-a75c-4711-14c2-6a03314cf38e user=adtransportation method=GET uri=/limocrm/notes.php ip=::1
[2026-05-13 12:50:10] user_id=5be1613a-a75c-4711-14c2-6a03314cf38e user=adtransportation method=GET uri=/limocrm/users.php ip=::1
[2026-05-13 12:50:48] user_id=5be1613a-a75c-4711-14c2-6a03314cf38e user=adtransportation method=GET uri=/limocrm/leads.php ip=::1
[2026-05-13 12:50:53] user_id=5be1613a-a75c-4711-14c2-6a03314cf38e user=adtransportation method=GET uri=/limocrm/lead.php?id=1b67226f-d479-44c9-7741-6a0456ae2565 ip=::1
[2026-05-13 12:52:15] user_id=5be1613a-a75c-4711-14c2-6a03314cf38e user=adtransportation method=GET uri=/limocrm/lead.php?id=1b67226f-d479-44c9-7741-6a0456ae2565 ip=::1
[2026-05-13 12:52:35] user_id=5be1613a-a75c-4711-14c2-6a03314cf38e user=adtransportation method=GET uri=/limocrm/users.php ip=::1
[2026-05-13 13:02:52] user_id=5be1613a-a75c-4711-14c2-6a03314cf38e user=adtransportation method=GET uri=/limocrm/users.php ip=::1
[2026-05-13 13:03:42] user_id=5be1613a-a75c-4711-14c2-6a03314cf38e user=adtransportation method=GET uri=/limocrm/users.php ip=::1
[2026-05-13 13:04:34] user_id=5be1613a-a75c-4711-14c2-6a03314cf38e user=adtransportation method=GET uri=/limocrm/users.php ip=::1
[2026-05-13 13:05:37] user_id=5be1613a-a75c-4711-14c2-6a03314cf38e user=adtransportation method=GET uri=/limocrm/users.php ip=::1
[2026-05-13 13:06:14] user_id=5be1613a-a75c-4711-14c2-6a03314cf38e user=adtransportation method=GET uri=/limocrm/users.php ip=::1
[2026-05-13 13:06:20] user_id=5be1613a-a75c-4711-14c2-6a03314cf38e user=adtransportation method=GET uri=/limocrm/leads.php ip=::1
[2026-05-13 13:06:40] user_id=5be1613a-a75c-4711-14c2-6a03314cf38e user=adtransportation method=GET uri=/limocrm/index.php ip=::1
[2026-05-13 13:06:48] user_id=5be1613a-a75c-4711-14c2-6a03314cf38e user=adtransportation method=GET uri=/limocrm/leads.php ip=::1
[2026-05-13 13:07:04] user_id=5be1613a-a75c-4711-14c2-6a03314cf38e user=adtransportation method=GET uri=/limocrm/email_templates.php ip=::1
[2026-05-13 13:07:09] user_id=5be1613a-a75c-4711-14c2-6a03314cf38e user=adtransportation method=GET uri=/limocrm/email_template.php?id=14fecf8d-31e2-6139-095d-6a033730e498 ip=::1
[2026-05-13 13:08:08] user_id=5be1613a-a75c-4711-14c2-6a03314cf38e user=adtransportation method=GET uri=/limocrm/email_templates.php ip=::1
[2026-05-13 13:08:13] user_id=5be1613a-a75c-4711-14c2-6a03314cf38e user=adtransportation method=GET uri=/limocrm/email_template.php?id=7c4b96d7-282f-ff2f-d9ef-6a033770c5a0 ip=::1
[2026-05-13 13:09:53] user_id=5be1613a-a75c-4711-14c2-6a03314cf38e user=adtransportation method=GET uri=/limocrm/email_templates.php ip=::1
[2026-05-13 13:09:57] user_id=5be1613a-a75c-4711-14c2-6a03314cf38e user=adtransportation method=GET uri=/limocrm/email_template.php?id=7c4b96d7-282f-ff2f-d9ef-6a033770c5a0 ip=::1
[2026-05-13 13:10:18] user_id=5be1613a-a75c-4711-14c2-6a03314cf38e user=adtransportation method=GET uri=/limocrm/email_templates.php ip=::1
[2026-05-13 13:10:24] user_id=5be1613a-a75c-4711-14c2-6a03314cf38e user=adtransportation method=GET uri=/limocrm/email_template.php?id=4787457b-9915-55b3-7663-6a0337a70678 ip=::1
[2026-05-13 13:11:49] user_id=5be1613a-a75c-4711-14c2-6a03314cf38e user=adtransportation method=GET uri=/limocrm/email_templates.php ip=::1
[2026-05-13 13:11:54] user_id=5be1613a-a75c-4711-14c2-6a03314cf38e user=adtransportation method=GET uri=/limocrm/email_template.php?id=8f08d7f0-a755-3a02-ab38-6a0337e51aa8 ip=::1
[2026-05-13 13:12:43] user_id=5be1613a-a75c-4711-14c2-6a03314cf38e user=adtransportation method=GET uri=/limocrm/email_templates.php ip=::1
[2026-05-13 13:12:59] user_id=5be1613a-a75c-4711-14c2-6a03314cf38e user=adtransportation method=GET uri=/limocrm/email_template.php?id=14fecf8d-31e2-6139-095d-6a033730e498 ip=::1
[2026-05-13 13:13:37] user_id=5be1613a-a75c-4711-14c2-6a03314cf38e user=adtransportation method=GET uri=/limocrm/email_templates.php ip=::1
[2026-05-13 13:13:49] user_id=5be1613a-a75c-4711-14c2-6a03314cf38e user=adtransportation method=GET uri=/limocrm/leads.php ip=::1
[2026-05-13 13:15:00] user_id=5be1613a-a75c-4711-14c2-6a03314cf38e user=adtransportation method=GET uri=/limocrm/users.php ip=::1
[2026-05-13 13:18:30] user_id=5be1613a-a75c-4711-14c2-6a03314cf38e user=adtransportation method=GET uri=/limocrm/leads.php ip=::1
[2026-05-13 13:18:33] user_id=5be1613a-a75c-4711-14c2-6a03314cf38e user=adtransportation method=GET uri=/limocrm/index.php ip=::1
[2026-05-13 13:18:39] user_id=5be1613a-a75c-4711-14c2-6a03314cf38e user=adtransportation method=GET uri=/limocrm/email_templates.php ip=::1
[2026-05-13 13:18:42] user_id=5be1613a-a75c-4711-14c2-6a03314cf38e user=adtransportation method=GET uri=/limocrm/email_analytics.php ip=::1
[2026-05-13 13:21:52] user_id=5be1613a-a75c-4711-14c2-6a03314cf38e user=adtransportation method=GET uri=/limocrm/index.php ip=::1
[2026-05-13 13:22:09] user_id=5be1613a-a75c-4711-14c2-6a03314cf38e user=adtransportation method=GET uri=/limocrm/agreements.php ip=::1
[2026-05-13 13:22:19] user_id=5be1613a-a75c-4711-14c2-6a03314cf38e user=adtransportation method=GET uri=/limocrm/leads.php ip=::1
[2026-05-13 13:23:02] user_id=5be1613a-a75c-4711-14c2-6a03314cf38e user=adtransportation method=GET uri=/limocrm/email_settings.php ip=::1
[2026-05-13 13:24:18] user_id=5be1613a-a75c-4711-14c2-6a03314cf38e user=adtransportation method=GET uri=/limocrm/leads.php ip=::1
[2026-05-13 13:24:39] user_id=5be1613a-a75c-4711-14c2-6a03314cf38e user=adtransportation method=GET uri=/limocrm/index.php ip=::1
[2026-05-13 13:24:55] user_id=5be1613a-a75c-4711-14c2-6a03314cf38e user=adtransportation method=GET uri=/limocrm/lead.php?id=c5a9c56e-4f34-435d-ae36-6a045efbc753 ip=::1
[2026-05-13 13:25:14] user_id=5be1613a-a75c-4711-14c2-6a03314cf38e user=adtransportation method=GET uri=/limocrm/lead.php?id=c5a9c56e-4f34-435d-ae36-6a045efbc753 ip=::1
[2026-05-13 13:25:18] user_id=5be1613a-a75c-4711-14c2-6a03314cf38e user=adtransportation method=GET uri=/limocrm/email_detail.php?id=2ecb9f38-31dd-d3ff-c5ff-6a045fa2f8c7&lead_id=c5a9c56e-4f34-435d-ae36-6a045efbc753 ip=::1
[2026-05-13 13:26:14] user_id=5be1613a-a75c-4711-14c2-6a03314cf38e user=adtransportation method=GET uri=/limocrm/lead.php?id=c5a9c56e-4f34-435d-ae36-6a045efbc753 ip=::1
[2026-05-13 13:26:19] user_id=5be1613a-a75c-4711-14c2-6a03314cf38e user=adtransportation method=GET uri=/limocrm/lead.php?id=c5a9c56e-4f34-435d-ae36-6a045efbc753 ip=::1
[2026-05-13 13:26:24] user_id=5be1613a-a75c-4711-14c2-6a03314cf38e user=adtransportation method=GET uri=/limocrm/email_detail.php?id=f16cb509-1623-2098-e520-6a045f9c7b2e&lead_id=c5a9c56e-4f34-435d-ae36-6a045efbc753 ip=::1
[2026-05-13 13:26:35] user_id=5be1613a-a75c-4711-14c2-6a03314cf38e user=adtransportation method=GET uri=/limocrm/email_detail.php?id=f16cb509-1623-2098-e520-6a045f9c7b2e&lead_id=c5a9c56e-4f34-435d-ae36-6a045efbc753 ip=::1
[2026-05-13 13:26:47] user_id=5be1613a-a75c-4711-14c2-6a03314cf38e user=adtransportation method=GET uri=/limocrm/payment_methods.php ip=::1
[2026-05-13 13:26:54] user_id=5be1613a-a75c-4711-14c2-6a03314cf38e user=adtransportation method=GET uri=/limocrm/index.php ip=::1
[2026-05-13 13:32:13] user_id=b9f3d1ed-56c6-48c3-3bdf-6a0460494225 user=azshuttle method=GET uri=/limocrm/index.php ip=::1
[2026-05-13 13:33:55] user_id=b9f3d1ed-56c6-48c3-3bdf-6a0460494225 user=azshuttle method=GET uri=/limocrm/vehicles.php ip=::1
[2026-05-13 13:34:26] user_id=b9f3d1ed-56c6-48c3-3bdf-6a0460494225 user=azshuttle method=GET uri=/limocrm/vehicle.php ip=::1
[2026-05-13 13:37:49] user_id=b9f3d1ed-56c6-48c3-3bdf-6a0460494225 user=azshuttle method=GET uri=/limocrm/vehicles.php ip=::1
[2026-05-13 13:37:53] user_id=b9f3d1ed-56c6-48c3-3bdf-6a0460494225 user=azshuttle method=GET uri=/limocrm/vehicle_detail.php?id=81cb004d-d343-79ec-0166-6a0462b59647 ip=::1
[2026-05-13 13:37:59] user_id=b9f3d1ed-56c6-48c3-3bdf-6a0460494225 user=azshuttle method=GET uri=/limocrm/vehicles.php ip=::1
[2026-05-13 13:48:30] user_id=b9f3d1ed-56c6-48c3-3bdf-6a0460494225 user=azshuttle method=GET uri=/limocrm/vehicle.php?id=81cb004d-d343-79ec-0166-6a0462b59647 ip=::1
[2026-05-13 13:48:43] user_id=b9f3d1ed-56c6-48c3-3bdf-6a0460494225 user=azshuttle method=GET uri=/limocrm/vehicles.php ip=::1
[2026-05-13 13:48:46] user_id=b9f3d1ed-56c6-48c3-3bdf-6a0460494225 user=azshuttle method=GET uri=/limocrm/vehicle.php ip=::1
[2026-05-13 13:51:58] user_id=b9f3d1ed-56c6-48c3-3bdf-6a0460494225 user=azshuttle method=GET uri=/limocrm/vehicles.php ip=::1
[2026-05-13 13:52:30] user_id=b9f3d1ed-56c6-48c3-3bdf-6a0460494225 user=azshuttle method=GET uri=/limocrm/vehicle.php ip=::1
[2026-05-13 13:53:55] user_id=b9f3d1ed-56c6-48c3-3bdf-6a0460494225 user=azshuttle method=GET uri=/limocrm/vehicles.php ip=::1
[2026-05-13 13:54:03] user_id=b9f3d1ed-56c6-48c3-3bdf-6a0460494225 user=azshuttle method=GET uri=/limocrm/vehicle.php ip=::1
[2026-05-13 13:56:33] user_id=b9f3d1ed-56c6-48c3-3bdf-6a0460494225 user=azshuttle method=GET uri=/limocrm/vehicles.php ip=::1
[2026-05-13 13:57:59] user_id=b9f3d1ed-56c6-48c3-3bdf-6a0460494225 user=azshuttle method=GET uri=/limocrm/role_management.php ip=::1
[2026-05-13 13:58:03] user_id=b9f3d1ed-56c6-48c3-3bdf-6a0460494225 user=azshuttle method=GET uri=/limocrm/users.php ip=::1
[2026-05-13 13:58:44] user_id=b9f3d1ed-56c6-48c3-3bdf-6a0460494225 user=azshuttle method=GET uri=/limocrm/vehicles.php ip=::1
[2026-05-13 13:58:49] user_id=b9f3d1ed-56c6-48c3-3bdf-6a0460494225 user=azshuttle method=GET uri=/limocrm/vehicle.php?id=85fb46ec-5a19-ccb7-e35a-6a0465852cb2 ip=::1
[2026-05-13 13:59:00] user_id=b9f3d1ed-56c6-48c3-3bdf-6a0460494225 user=azshuttle method=GET uri=/limocrm/vehicles.php ip=::1
[2026-05-13 13:59:08] user_id=b9f3d1ed-56c6-48c3-3bdf-6a0460494225 user=azshuttle method=GET uri=/limocrm/users.php ip=::1
[2026-05-13 14:00:28] user_id=b9f3d1ed-56c6-48c3-3bdf-6a0460494225 user=azshuttle method=GET uri=/limocrm/users.php ip=::1
[2026-05-13 14:03:01] user_id=b9f3d1ed-56c6-48c3-3bdf-6a0460494225 user=azshuttle method=GET uri=/limocrm/users.php ip=::1
[2026-05-13 14:03:41] user_id=b9f3d1ed-56c6-48c3-3bdf-6a0460494225 user=azshuttle method=GET uri=/limocrm/users.php ip=::1
[2026-05-13 14:04:16] user_id=b9f3d1ed-56c6-48c3-3bdf-6a0460494225 user=azshuttle method=GET uri=/limocrm/users.php ip=::1
[2026-05-13 14:05:02] user_id=b9f3d1ed-56c6-48c3-3bdf-6a0460494225 user=azshuttle method=GET uri=/limocrm/users.php ip=::1
[2026-05-13 14:05:11] user_id=b9f3d1ed-56c6-48c3-3bdf-6a0460494225 user=azshuttle method=GET uri=/limocrm/settings.php ip=::1
[2026-05-13 14:05:25] user_id=b9f3d1ed-56c6-48c3-3bdf-6a0460494225 user=azshuttle method=GET uri=/limocrm/settings.php ip=::1
[2026-05-13 14:05:27] user_id=b9f3d1ed-56c6-48c3-3bdf-6a0460494225 user=azshuttle method=GET uri=/limocrm/users.php ip=::1
[2026-05-13 14:05:50] user_id=b9f3d1ed-56c6-48c3-3bdf-6a0460494225 user=azshuttle method=GET uri=/limocrm/vehicles.php ip=::1
[2026-05-13 14:06:37] user_id=b9f3d1ed-56c6-48c3-3bdf-6a0460494225 user=azshuttle method=GET uri=/limocrm/reports.php ip=::1
[2026-05-13 14:06:42] user_id=b9f3d1ed-56c6-48c3-3bdf-6a0460494225 user=azshuttle method=GET uri=/limocrm/leads.php ip=::1
[2026-05-13 14:15:31] user_id=b9f3d1ed-56c6-48c3-3bdf-6a0460494225 user=azshuttle method=GET uri=/limocrm/payment_methods.php ip=::1
[2026-05-13 14:37:03] user_id=b9f3d1ed-56c6-48c3-3bdf-6a0460494225 user=azshuttle method=GET uri=/limocrm/payment_methods.php ip=::1
[2026-05-13 14:38:00] user_id=b9f3d1ed-56c6-48c3-3bdf-6a0460494225 user=azshuttle method=GET uri=/limocrm/payment_methods.php ip=::1
[2026-05-13 14:43:58] user_id=b9f3d1ed-56c6-48c3-3bdf-6a0460494225 user=azshuttle method=GET uri=/limocrm/payment_methods.php ip=::1
[2026-05-13 14:44:06] user_id=b9f3d1ed-56c6-48c3-3bdf-6a0460494225 user=azshuttle method=GET uri=/limocrm/payment_methods.php ip=::1
[2026-05-13 14:44:28] user_id=b9f3d1ed-56c6-48c3-3bdf-6a0460494225 user=azshuttle method=GET uri=/limocrm/payment_methods.php ip=::1
[2026-05-13 14:44:46] user_id=b9f3d1ed-56c6-48c3-3bdf-6a0460494225 user=azshuttle method=GET uri=/limocrm/payment_methods.php ip=::1
[2026-05-13 14:46:00] user_id=b9f3d1ed-56c6-48c3-3bdf-6a0460494225 user=azshuttle method=GET uri=/limocrm/integration.php ip=::1
[2026-05-13 14:46:18] user_id=b9f3d1ed-56c6-48c3-3bdf-6a0460494225 user=azshuttle method=GET uri=/limocrm/payment_methods.php ip=::1
[2026-05-13 14:46:55] user_id=b9f3d1ed-56c6-48c3-3bdf-6a0460494225 user=azshuttle method=GET uri=/limocrm/payment_methods.php ip=::1
[2026-05-13 14:51:19] user_id=b9f3d1ed-56c6-48c3-3bdf-6a0460494225 user=azshuttle method=GET uri=/limocrm/payment_methods.php ip=::1
[2026-05-13 15:05:32] user_id=b9f3d1ed-56c6-48c3-3bdf-6a0460494225 user=azshuttle method=GET uri=/limocrm/payment_methods.php ip=::1
[2026-05-13 15:05:53] user_id=b9f3d1ed-56c6-48c3-3bdf-6a0460494225 user=azshuttle method=GET uri=/limocrm/payment_methods.php ip=::1
[2026-05-13 15:06:07] user_id=b9f3d1ed-56c6-48c3-3bdf-6a0460494225 user=azshuttle method=GET uri=/limocrm/payment_methods.php ip=::1
[2026-05-13 15:06:12] user_id=b9f3d1ed-56c6-48c3-3bdf-6a0460494225 user=azshuttle method=GET uri=/limocrm/payment_methods.php ip=::1
[2026-05-13 15:09:53] user_id=b9f3d1ed-56c6-48c3-3bdf-6a0460494225 user=azshuttle method=GET uri=/limocrm/payment_methods.php ip=::1
[2026-05-13 15:10:14] user_id=b9f3d1ed-56c6-48c3-3bdf-6a0460494225 user=azshuttle method=GET uri=/limocrm/payment_methods.php ip=::1
[2026-05-13 15:10:54] user_id=b9f3d1ed-56c6-48c3-3bdf-6a0460494225 user=azshuttle method=GET uri=/limocrm/payment_methods.php ip=::1
[2026-05-13 15:11:03] user_id=b9f3d1ed-56c6-48c3-3bdf-6a0460494225 user=azshuttle method=GET uri=/limocrm/payment_methods.php ip=::1
[2026-05-13 15:11:24] user_id=b9f3d1ed-56c6-48c3-3bdf-6a0460494225 user=azshuttle method=GET uri=/limocrm/payment_methods.php ip=::1
[2026-05-13 15:11:34] user_id=b9f3d1ed-56c6-48c3-3bdf-6a0460494225 user=azshuttle method=GET uri=/limocrm/payment_methods.php ip=::1
[2026-05-13 15:12:07] user_id=b9f3d1ed-56c6-48c3-3bdf-6a0460494225 user=azshuttle method=GET uri=/limocrm/payment_methods.php ip=::1
[2026-05-13 15:26:46] user_id=b9f3d1ed-56c6-48c3-3bdf-6a0460494225 user=azshuttle method=GET uri=/limocrm/leads.php ip=::1
[2026-05-13 15:27:07] user_id=5be1613a-a75c-4711-14c2-6a03314cf38e user=adtransportation method=GET uri=/limocrm/index.php ip=::1
[2026-05-13 15:27:10] user_id=5be1613a-a75c-4711-14c2-6a03314cf38e user=adtransportation method=GET uri=/limocrm/leads.php ip=::1
[2026-05-13 15:27:17] user_id=5be1613a-a75c-4711-14c2-6a03314cf38e user=adtransportation method=GET uri=/limocrm/lead.php?id=bad04131-4155-8987-60e6-6a045e59c120 ip=::1
[2026-05-13 15:27:24] user_id=5be1613a-a75c-4711-14c2-6a03314cf38e user=adtransportation method=GET uri=/limocrm/lead.php?id=bad04131-4155-8987-60e6-6a045e59c120 ip=::1
[2026-05-13 15:27:28] user_id=5be1613a-a75c-4711-14c2-6a03314cf38e user=adtransportation method=GET uri=/limocrm/email_detail.php?id=1dc844ce-f48c-2ee5-4af7-6a047cf7b79b&lead_id=bad04131-4155-8987-60e6-6a045e59c120 ip=::1
[2026-05-13 15:27:42] user_id=5be1613a-a75c-4711-14c2-6a03314cf38e user=adtransportation method=GET uri=/limocrm/ ip=::1
[2026-05-13 15:30:47] user_id=5be1613a-a75c-4711-14c2-6a03314cf38e user=adtransportation method=GET uri=/limocrm/payment_methods.php ip=::1
[2026-05-13 15:32:00] user_id=5be1613a-a75c-4711-14c2-6a03314cf38e user=adtransportation method=GET uri=/limocrm/payment_methods.php ip=::1
[2026-05-13 15:32:09] user_id=5be1613a-a75c-4711-14c2-6a03314cf38e user=adtransportation method=GET uri=/limocrm/payment_methods.php ip=::1
[2026-05-13 16:38:38] user_id=5be1613a-a75c-4711-14c2-6a03314cf38e user=adtransportation method=GET uri=/limocrm/leads.php ip=::1
[2026-05-13 16:38:54] user_id=b9f3d1ed-56c6-48c3-3bdf-6a0460494225 user=azshuttle method=GET uri=/limocrm/index.php ip=::1
[2026-05-13 16:38:59] user_id=b9f3d1ed-56c6-48c3-3bdf-6a0460494225 user=azshuttle method=GET uri=/limocrm/vehicles.php ip=::1
[2026-05-13 16:39:05] user_id=b9f3d1ed-56c6-48c3-3bdf-6a0460494225 user=azshuttle method=GET uri=/limocrm/users.php ip=::1
[2026-05-13 16:39:10] user_id=b9f3d1ed-56c6-48c3-3bdf-6a0460494225 user=azshuttle method=GET uri=/limocrm/leads.php ip=::1
[2026-05-13 16:39:51] user_id=b9f3d1ed-56c6-48c3-3bdf-6a0460494225 user=azshuttle method=GET uri=/limocrm/integration.php ip=::1
[2026-05-13 16:40:09] user_id=b9f3d1ed-56c6-48c3-3bdf-6a0460494225 user=azshuttle method=GET uri=/limocrm/leads.php ip=::1
[2026-05-13 16:40:11] user_id=b9f3d1ed-56c6-48c3-3bdf-6a0460494225 user=azshuttle method=GET uri=/limocrm/vehicles.php ip=::1
[2026-05-13 16:40:14] user_id=b9f3d1ed-56c6-48c3-3bdf-6a0460494225 user=azshuttle method=GET uri=/limocrm/vehicle_detail.php?id=81cb004d-d343-79ec-0166-6a0462b59647 ip=::1
[2026-05-13 16:40:16] user_id=b9f3d1ed-56c6-48c3-3bdf-6a0460494225 user=azshuttle method=GET uri=/limocrm/vehicle_detail.php?id=85fb46ec-5a19-ccb7-e35a-6a0465852cb2 ip=::1
[2026-05-13 16:40:19] user_id=b9f3d1ed-56c6-48c3-3bdf-6a0460494225 user=azshuttle method=GET uri=/limocrm/vehicle_detail.php?id=dc0082cc-798a-89d9-8077-6a046646f110 ip=::1
[2026-05-13 16:40:21] user_id=b9f3d1ed-56c6-48c3-3bdf-6a0460494225 user=azshuttle method=GET uri=/limocrm/vehicle_detail.php?id=e158647c-eddf-dc7f-257c-6a0466dd785e ip=::1
[2026-05-13 16:43:58] user_id=b9f3d1ed-56c6-48c3-3bdf-6a0460494225 user=azshuttle method=GET uri=/limocrm/payment_methods.php ip=::1
[2026-05-13 16:44:03] user_id=b9f3d1ed-56c6-48c3-3bdf-6a0460494225 user=azshuttle method=GET uri=/limocrm/transactions.php ip=::1
[2026-05-13 16:46:05] user_id=b9f3d1ed-56c6-48c3-3bdf-6a0460494225 user=azshuttle method=GET uri=/limocrm/leads.php ip=::1
[2026-05-13 16:46:09] user_id=b9f3d1ed-56c6-48c3-3bdf-6a0460494225 user=azshuttle method=GET uri=/limocrm/lead.php?id=4719e426-d6f6-e987-fdde-6a048e556baa ip=::1
[2026-05-13 16:46:13] user_id=b9f3d1ed-56c6-48c3-3bdf-6a0460494225 user=azshuttle method=GET uri=/limocrm/lead.php?id=4719e426-d6f6-e987-fdde-6a048e556baa ip=::1
[2026-05-13 16:46:22] user_id=b9f3d1ed-56c6-48c3-3bdf-6a0460494225 user=azshuttle method=GET uri=/limocrm/agreements.php ip=::1
[2026-05-13 16:46:25] user_id=b9f3d1ed-56c6-48c3-3bdf-6a0460494225 user=azshuttle method=GET uri=/limocrm/workflows.php ip=::1
[2026-05-13 16:46:27] user_id=b9f3d1ed-56c6-48c3-3bdf-6a0460494225 user=azshuttle method=GET uri=/limocrm/create_workflow.php ip=::1
[2026-05-13 16:46:42] user_id=b9f3d1ed-56c6-48c3-3bdf-6a0460494225 user=azshuttle method=GET uri=/limocrm/email_templates.php ip=::1
[2026-05-13 16:46:44] user_id=b9f3d1ed-56c6-48c3-3bdf-6a0460494225 user=azshuttle method=GET uri=/limocrm/email_template.php ip=::1
[2026-05-13 16:49:08] user_id=b9f3d1ed-56c6-48c3-3bdf-6a0460494225 user=azshuttle method=GET uri=/limocrm/email_templates.php ip=::1
[2026-05-13 16:50:27] user_id=b9f3d1ed-56c6-48c3-3bdf-6a0460494225 user=azshuttle method=GET uri=/limocrm/email_template.php?id=dbff1a5b-bece-48f6-7af3-6a048f222642 ip=::1
[2026-05-13 16:50:42] user_id=b9f3d1ed-56c6-48c3-3bdf-6a0460494225 user=azshuttle method=GET uri=/limocrm/email_template.php?id=dbff1a5b-bece-48f6-7af3-6a048f222642 ip=::1
[2026-05-13 16:52:07] user_id=b9f3d1ed-56c6-48c3-3bdf-6a0460494225 user=azshuttle method=GET uri=/limocrm/email_template.php?id=dbff1a5b-bece-48f6-7af3-6a048f222642 ip=::1
[2026-05-13 16:53:06] user_id=b9f3d1ed-56c6-48c3-3bdf-6a0460494225 user=azshuttle method=GET uri=/limocrm/email_templates.php ip=::1
[2026-05-13 16:53:08] user_id=b9f3d1ed-56c6-48c3-3bdf-6a0460494225 user=azshuttle method=GET uri=/limocrm/email_template.php ip=::1
[2026-05-13 16:54:40] user_id=b9f3d1ed-56c6-48c3-3bdf-6a0460494225 user=azshuttle method=GET uri=/limocrm/email_templates.php ip=::1
[2026-05-13 16:54:42] user_id=b9f3d1ed-56c6-48c3-3bdf-6a0460494225 user=azshuttle method=GET uri=/limocrm/email_template.php ip=::1
[2026-05-13 16:55:25] user_id=b9f3d1ed-56c6-48c3-3bdf-6a0460494225 user=azshuttle method=GET uri=/limocrm/email_templates.php ip=::1
[2026-05-13 16:55:27] user_id=b9f3d1ed-56c6-48c3-3bdf-6a0460494225 user=azshuttle method=GET uri=/limocrm/email_template.php ip=::1
[2026-05-13 16:56:43] user_id=b9f3d1ed-56c6-48c3-3bdf-6a0460494225 user=azshuttle method=GET uri=/limocrm/email_templates.php ip=::1
[2026-05-13 16:56:46] user_id=b9f3d1ed-56c6-48c3-3bdf-6a0460494225 user=azshuttle method=GET uri=/limocrm/workflows.php ip=::1
[2026-05-13 16:56:48] user_id=b9f3d1ed-56c6-48c3-3bdf-6a0460494225 user=azshuttle method=GET uri=/limocrm/create_workflow.php ip=::1
[2026-05-13 16:57:02] user_id=b9f3d1ed-56c6-48c3-3bdf-6a0460494225 user=azshuttle method=GET uri=/limocrm/workflows.php ip=::1
[2026-05-13 16:57:03] user_id=b9f3d1ed-56c6-48c3-3bdf-6a0460494225 user=azshuttle method=GET uri=/limocrm/create_workflow.php ip=::1
[2026-05-13 16:57:19] user_id=b9f3d1ed-56c6-48c3-3bdf-6a0460494225 user=azshuttle method=GET uri=/limocrm/workflows.php ip=::1
[2026-05-13 16:57:55] user_id=b9f3d1ed-56c6-48c3-3bdf-6a0460494225 user=azshuttle method=GET uri=/limocrm/create_workflow.php ip=::1
[2026-05-13 16:58:12] user_id=b9f3d1ed-56c6-48c3-3bdf-6a0460494225 user=azshuttle method=GET uri=/limocrm/workflows.php ip=::1
[2026-05-13 16:58:14] user_id=b9f3d1ed-56c6-48c3-3bdf-6a0460494225 user=azshuttle method=GET uri=/limocrm/create_workflow.php ip=::1
[2026-05-13 16:58:29] user_id=b9f3d1ed-56c6-48c3-3bdf-6a0460494225 user=azshuttle method=GET uri=/limocrm/workflows.php ip=::1
[2026-05-13 16:58:31] user_id=b9f3d1ed-56c6-48c3-3bdf-6a0460494225 user=azshuttle method=GET uri=/limocrm/leads.php ip=::1
[2026-05-13 16:58:35] user_id=b9f3d1ed-56c6-48c3-3bdf-6a0460494225 user=azshuttle method=GET uri=/limocrm/lead.php?id=4719e426-d6f6-e987-fdde-6a048e556baa ip=::1
[2026-05-13 16:58:41] user_id=b9f3d1ed-56c6-48c3-3bdf-6a0460494225 user=azshuttle method=GET uri=/limocrm/leads.php ip=::1
[2026-05-13 16:58:44] user_id=b9f3d1ed-56c6-48c3-3bdf-6a0460494225 user=azshuttle method=GET uri=/limocrm/lead.php?id=63ffec77-cc8f-ef23-b0fb-6a048e156d70 ip=::1
[2026-05-13 16:58:48] user_id=b9f3d1ed-56c6-48c3-3bdf-6a0460494225 user=azshuttle method=GET uri=/limocrm/lead.php?id=63ffec77-cc8f-ef23-b0fb-6a048e156d70 ip=::1
[2026-05-13 16:58:52] user_id=b9f3d1ed-56c6-48c3-3bdf-6a0460494225 user=azshuttle method=GET uri=/limocrm/email_detail.php?id=4dfab13b-e846-9c5a-5fd3-6a04913d560d&lead_id=63ffec77-cc8f-ef23-b0fb-6a048e156d70 ip=::1
[2026-05-13 16:59:06] user_id=b9f3d1ed-56c6-48c3-3bdf-6a0460494225 user=azshuttle method=GET uri=/limocrm/email_detail.php?id=4dfab13b-e846-9c5a-5fd3-6a04913d560d&lead_id=63ffec77-cc8f-ef23-b0fb-6a048e156d70 ip=::1
[2026-05-13 16:59:10] user_id=b9f3d1ed-56c6-48c3-3bdf-6a0460494225 user=azshuttle method=GET uri=/limocrm/payment_methods.php ip=::1
[2026-05-13 16:59:25] user_id=b9f3d1ed-56c6-48c3-3bdf-6a0460494225 user=azshuttle method=GET uri=/limocrm/payment_methods.php ip=::1
[2026-05-13 16:59:29] user_id=b9f3d1ed-56c6-48c3-3bdf-6a0460494225 user=azshuttle method=GET uri=/limocrm/leads.php ip=::1
[2026-05-13 16:59:35] user_id=b9f3d1ed-56c6-48c3-3bdf-6a0460494225 user=azshuttle method=GET uri=/limocrm/lead.php?id=63ffec77-cc8f-ef23-b0fb-6a048e156d70 ip=::1
[2026-05-13 16:59:39] user_id=b9f3d1ed-56c6-48c3-3bdf-6a0460494225 user=azshuttle method=GET uri=/limocrm/email_detail.php?id=4dfab13b-e846-9c5a-5fd3-6a04913d560d&lead_id=63ffec77-cc8f-ef23-b0fb-6a048e156d70 ip=::1
[2026-05-13 17:01:11] user_id=b9f3d1ed-56c6-48c3-3bdf-6a0460494225 user=azshuttle method=GET uri=/limocrm/agreements.php ip=::1
[2026-05-13 17:01:44] user_id=b9f3d1ed-56c6-48c3-3bdf-6a0460494225 user=azshuttle method=GET uri=/limocrm/leads.php ip=::1
[2026-05-13 17:01:50] user_id=b9f3d1ed-56c6-48c3-3bdf-6a0460494225 user=azshuttle method=GET uri=/limocrm/lead.php?id=63ffec77-cc8f-ef23-b0fb-6a048e156d70 ip=::1
[2026-05-13 17:01:57] user_id=b9f3d1ed-56c6-48c3-3bdf-6a0460494225 user=azshuttle method=GET uri=/limocrm/agreements.php ip=::1
[2026-05-13 17:02:01] user_id=b9f3d1ed-56c6-48c3-3bdf-6a0460494225 user=azshuttle method=GET uri=/limocrm/agreements.php ip=::1
[2026-05-13 17:02:14] user_id=b9f3d1ed-56c6-48c3-3bdf-6a0460494225 user=azshuttle method=GET uri=/limocrm/agreements.php ip=::1
[2026-05-13 17:03:12] user_id=b9f3d1ed-56c6-48c3-3bdf-6a0460494225 user=azshuttle method=GET uri=/limocrm/agreements.php ip=::1
[2026-05-13 17:05:20] user_id=b9f3d1ed-56c6-48c3-3bdf-6a0460494225 user=azshuttle method=GET uri=/limocrm/agreements.php ip=::1
